Started GET "/" for 127.0.0.1 at 2016-09-09 16:03:00 +0000
Processing by Rails::WelcomeController#index as HTML
  Parameters: {"internal"=>true}
  Rendering /home/ec2-user/.rvm/gems/ruby-2.3.1/gems/railties-5.0.0.1/lib/rails/templates/rails/welcome/index.html.erb
  Rendered /home/ec2-user/.rvm/gems/ruby-2.3.1/gems/railties-5.0.0.1/lib/rails/templates/rails/welcome/index.html.erb (3.1ms)
Completed 200 OK in 15ms (Views: 6.4ms | ActiveRecord: 0.0ms)


Started GET "/" for 127.0.0.1 at 2016-09-09 16:04:34 +0000
Processing by WelcomeController#index as HTML
  Rendering welcome/index.html.erb within layouts/application
  Rendered welcome/index.html.erb within layouts/application (1.0ms)
Completed 200 OK in 368ms (Views: 360.0ms | ActiveRecord: 0.0ms)


Started GET "/" for 127.0.0.1 at 2016-09-10 00:26:36 +0000
Processing by WelcomeController#index as HTML
  Rendering welcome/index.html.erb within layouts/application
  Rendered welcome/index.html.erb within layouts/application (1.0ms)
Completed 200 OK in 187ms (Views: 179.1ms | ActiveRecord: 0.0ms)


Started GET "/" for 127.0.0.1 at 2016-09-10 00:36:33 +0000
Processing by WelcomeController#index as HTML
  Rendering welcome/index.html.erb within layouts/application
  Rendered welcome/index.html.erb within layouts/application (1.0ms)
Completed 200 OK in 183ms (Views: 174.4ms | ActiveRecord: 0.0ms)


Started GET "/" for 127.0.0.1 at 2016-09-10 00:36:39 +0000
Processing by WelcomeController#index as HTML
  Rendering welcome/index.html.erb within layouts/application
  Rendered welcome/index.html.erb within layouts/application (0.3ms)
Completed 200 OK in 17ms (Views: 15.9ms | ActiveRecord: 0.0ms)


Started GET "/" for 127.0.0.1 at 2016-09-10 00:36:43 +0000
Processing by WelcomeController#index as HTML
  Rendering welcome/index.html.erb within layouts/application
  Rendered welcome/index.html.erb within layouts/application (0.3ms)
Completed 200 OK in 17ms (Views: 16.0ms | ActiveRecord: 0.0ms)


